22:23:11 **** Incremental Build of configuration Debug for project FRDM-KL25Z_BlinkEclipse ****
make all 
'Building file: ../Sources/main.c'
'Invoking: Cross GCC Compiler'
arm-none-eabi-gcc -I"C:\Users\Raphael\workspace\FRDM-KL25Z_BlinkEclipse\Project_Headers" -I"C:\Users\Raphael\workspace\FRDM-KL25Z_BlinkEclipse\Project_Settings\Startup_Code" -I"C:\Users\Raphael\workspace\FRDM-KL25Z_BlinkEclipse\Sources" -O0 -g3 -Wall -c -fmessage-length=0 -mcpu=cortex-m0 -mabi=aapcs -mthumb -msoft-float -MMD -MP -MF"Sources/main.d" -MT"Sources/main.d" -o "Sources/main.o" "../Sources/main.c"
In file included from ../Sources/Events.h:38:0,
                 from ../Sources/main.c:5:
../Sources/main.c: In function 'main':
../Sources/main.c:254:4: warning: pointer targets in passing argument 2 of 'xTaskCreate' differ in signedness [-Wpointer-sign]
    (signed portCHAR *)"Task_adcs", /* task name for kernel awareness debugging */
    ^
../Sources/FRTOS1.h:294:33: note: in definition of macro 'FRTOS1_xTaskCreate'
         xTaskCreate(pvTaskCode, pcName, usStackDepth, pvParameters, uxPriority, pvCreatedTask)
                                 ^
In file included from ../Sources/FRTOS1.h:249:0,
                 from ../Sources/Events.h:38,
                 from ../Sources/main.c:5:
../Sources/task.h:363:13: note: expected 'const char * const' but argument is of type 'signed char *'
  BaseType_t xTaskCreate( TaskFunction_t pxTaskCode,
             ^
In file included from ../Sources/Events.h:38:0,
                 from ../Sources/main.c:5:
../Sources/main.c:266:4: warning: pointer targets in passing argument 2 of 'xTaskCreate' differ in signedness [-Wpointer-sign]
    (signed portCHAR *)"Task_control", /* task name for kernel awareness debugging */
    ^
../Sources/FRTOS1.h:294:33: note: in definition of macro 'FRTOS1_xTaskCreate'
         xTaskCreate(pvTaskCode, pcName, usStackDepth, pvParameters, uxPriority, pvCreatedTask)
                                 ^
In file included from ../Sources/FRTOS1.h:249:0,
                 from ../Sources/Events.h:38,
                 from ../Sources/main.c:5:
../Sources/task.h:363:13: note: expected 'const char * const' but argument is of type 'signed char *'
  BaseType_t xTaskCreate( TaskFunction_t pxTaskCode,
             ^
In file included from ../Sources/Events.h:38:0,
                 from ../Sources/main.c:5:
../Sources/main.c:278:4: warning: pointer targets in passing argument 2 of 'xTaskCreate' differ in signedness [-Wpointer-sign]
    (signed portCHAR *)"Task_receiver", /* task name for kernel awareness debugging */
    ^
../Sources/FRTOS1.h:294:33: note: in definition of macro 'FRTOS1_xTaskCreate'
         xTaskCreate(pvTaskCode, pcName, usStackDepth, pvParameters, uxPriority, pvCreatedTask)
                                 ^
In file included from ../Sources/FRTOS1.h:249:0,
                 from ../Sources/Events.h:38,
                 from ../Sources/main.c:5:
../Sources/task.h:363:13: note: expected 'const char * const' but argument is of type 'signed char *'
  BaseType_t xTaskCreate( TaskFunction_t pxTaskCode,
             ^
In file included from ../Sources/Events.h:38:0,
                 from ../Sources/main.c:5:
../Sources/main.c:291:4: warning: pointer targets in passing argument 2 of 'xTaskCreate' differ in signedness [-Wpointer-sign]
    (signed portCHAR *)"Task_logger", /* task name for kernel awareness debugging */
    ^
../Sources/FRTOS1.h:294:33: note: in definition of macro 'FRTOS1_xTaskCreate'
         xTaskCreate(pvTaskCode, pcName, usStackDepth, pvParameters, uxPriority, pvCreatedTask)
                                 ^
In file included from ../Sources/FRTOS1.h:249:0,
                 from ../Sources/Events.h:38,
                 from ../Sources/main.c:5:
../Sources/task.h:363:13: note: expected 'const char * const' but argument is of type 'signed char *'
  BaseType_t xTaskCreate( TaskFunction_t pxTaskCode,
             ^
'Finished building: ../Sources/main.c'
' '
'Building target: FRDM-KL25Z_BlinkEclipse.elf'
'Invoking: Cross GCC Linker'
arm-none-eabi-gcc -nostartfiles -mthumb -mcpu=cortex-m0 -TC:/Users/Raphael/workspace/FRDM-KL25Z_BlinkEclipse/Project_Settings/Linker_Files/MKL25Z128_flash.ld -o "FRDM-KL25Z_BlinkEclipse.elf"  ./Sources/libUSB/an_packet_protocol.o ./Sources/libUSB/an_packets.o ./Sources/libUSB/com.o ./Sources/libUSB/crc.o ./Sources/libUSB/usbdrive.o  ./Sources/libSENSVECT/GYROACCVect.o  ./Sources/libSENSDRIVE/mpu6050.o  ./Sources/libRECDRIVER/recdriver.o  ./Sources/libMOTDRIVE/optoe300.o  ./Sources/libCONTROL/control.o  ./Sources/libADCS/gAtt.o  ./Sources/CDC1.o ./Sources/CI2C1.o ./Sources/CLS1.o ./Sources/CS1.o ./Sources/Cpu.o ./Sources/EInt1.o ./Sources/EInt2.o ./Sources/EInt3.o ./Sources/EInt4.o ./Sources/EInt5.o ./Sources/EInt6.o ./Sources/EInt7.o ./Sources/Events.o ./Sources/FC1.o ./Sources/FRTOS1.o ./Sources/GPIO1.o ./Sources/MCUC1.o ./Sources/PE_LDD.o ./Sources/PWM1.o ./Sources/PWM2.o ./Sources/PWM3.o ./Sources/PWM4.o ./Sources/Rx1.o ./Sources/TMOUT1.o ./Sources/TU1.o ./Sources/TU3.o ./Sources/Tx1.o ./Sources/USB0.o ./Sources/USB1.o ./Sources/UTIL1.o ./Sources/Vectors.o ./Sources/WAIT1.o ./Sources/XF1.o ./Sources/croutine.o ./Sources/event_groups.o ./Sources/heap_1.o ./Sources/heap_2.o ./Sources/heap_3.o ./Sources/heap_4.o ./Sources/heap_5.o ./Sources/list.o ./Sources/main.o ./Sources/port.o ./Sources/queue.o ./Sources/tasks.o ./Sources/timers.o ./Sources/usb_cdc.o ./Sources/usb_cdc_pstn.o ./Sources/usb_class.o ./Sources/usb_dci_kinetis.o ./Sources/usb_descriptor.o ./Sources/usb_driver.o ./Sources/usb_framework.o ./Sources/wdt_kinetis.o  ./Project_Settings/Startup_Code/startup.o   -lm
'Finished building target: FRDM-KL25Z_BlinkEclipse.elf'
' '
make --no-print-directory post-build
'Generate S19 File'
arm-none-eabi-objcopy -O srec C:/Users/Raphael/workspace/FRDM-KL25Z_BlinkEclipse/Debug/FRDM-KL25Z_BlinkEclipse.elf FRDM-KL25Z_BlinkEclipse.s19
' '

22:23:17 Build Finished (took 5s.992ms)

